<?xml version="1.0" encoding="UTF-8"?>
<!-- Generated by org.testng.reporters.JUnitXMLReporter -->
<testsuite hostname="tims-mac-mini.corp.shastaqa.com" ignored="0" name="Default test" tests="18" failures="0" timestamp="08 Feb 2017 23:22:05 GMT" time="13.173" errors="0">
  <testcase name="annaNameDisplayed" time="0.171" classname="testcases.MgmtPageTests"/>
  <testcase name="annaTitleDisplayed" time="0.088" classname="testcases.MgmtPageTests"/>
  <testcase name="chrisNameDisplayed" time="0.095" classname="testcases.MgmtPageTests"/>
  <testcase name="chrisTitleDisplayed" time="0.089" classname="testcases.MgmtPageTests"/>
  <testcase name="christinaNameDisplayed" time="0.063" classname="testcases.MgmtPageTests"/>
  <testcase name="christinaTitleDisplayed" time="0.065" classname="testcases.MgmtPageTests"/>
  <testcase name="donNameDisplayed" time="0.058" classname="testcases.MgmtPageTests"/>
  <testcase name="donTitleDisplayed" time="0.058" classname="testcases.MgmtPageTests"/>
  <testcase name="ericNameDisplayed" time="0.061" classname="testcases.MgmtPageTests"/>
  <testcase name="ericTitleDisplayed" time="0.066" classname="testcases.MgmtPageTests"/>
  <testcase name="jimNameDisplayed" time="0.061" classname="testcases.MgmtPageTests"/>
  <testcase name="jimTitleDisplayed" time="0.072" classname="testcases.MgmtPageTests"/>
  <testcase name="mikeBNameDisplayed" time="0.066" classname="testcases.MgmtPageTests"/>
  <testcase name="mikeBTitleDisplayed" time="0.056" classname="testcases.MgmtPageTests"/>
  <testcase name="mikeLNameDisplayed" time="0.059" classname="testcases.MgmtPageTests"/>
  <testcase name="mikeLTitleDisplayed" time="0.06" classname="testcases.MgmtPageTests"/>
  <testcase name="yukaNameDisplayed" time="0.055" classname="testcases.MgmtPageTests"/>
  <testcase name="yukaTitleDisplayed" time="0.056" classname="testcases.MgmtPageTests"/>
</testsuite> <!-- Default test -->
