<?xml version="1.0" encoding="UTF-8"?>
<!-- Generated by org.testng.reporters.JUnitXMLReporter -->
<testsuite hostname="tims-mac-mini.corp.shastaqa.com" ignored="0" name="Default test" tests="5" failures="0" timestamp="03 Feb 2017 23:20:49 GMT" time="10.52" errors="0">
  <testcase name="testing_tab_displayed" time="0.125" classname="testcases.TestingTabTests"/>
  <testcase name="software_testing_services_displayed" time="0.276" classname="testcases.TestingTabTests"/>
  <testcase name="software_testing_services_click" time="1.376" classname="testcases.TestingTabTests"/>
  <testcase name="web_application_testing_displayed" time="0.267" classname="testcases.TestingTabTests"/>
  <testcase name="web_application_testing_click" time="1.196" classname="testcases.TestingTabTests"/>
</testsuite> <!-- Default test -->
