<?xml version="1.0" encoding="UTF-8"?>
<!-- Generated by org.testng.reporters.JUnitXMLReporter -->
<testsuite hostname="tims-mac-mini.corp.shastaqa.com" ignored="0" name="Smoke Testcases" tests="80" failures="0" timestamp="08 Feb 2017 23:44:46 GMT" time="156.523" errors="0">
  <testcase name="about_tab_displayed" time="0.126" classname="testcases.AboutTabTests"/>
  <testcase name="KC_tab_displayed" time="1.22" classname="testcases.KCCTabTests"/>
  <testcase name="launch_site" time="0.088" classname="testcases.LaunchWebsiteTest"/>
  <testcase name="media_tab_displayed" time="0.215" classname="testcases.MediaTabTests"/>
  <testcase name="annaNameDisplayed" time="0.068" classname="testcases.MgmtPageTests"/>
  <testcase name="annaTitleDisplayed" time="0.061" classname="testcases.MgmtPageTests"/>
  <testcase name="chrisNameDisplayed" time="0.061" classname="testcases.MgmtPageTests"/>
  <testcase name="chrisTitleDisplayed" time="0.06" classname="testcases.MgmtPageTests"/>
  <testcase name="christinaNameDisplayed" time="0.066" classname="testcases.MgmtPageTests"/>
  <testcase name="christinaTitleDisplayed" time="0.06" classname="testcases.MgmtPageTests"/>
  <testcase name="donNameDisplayed" time="0.064" classname="testcases.MgmtPageTests"/>
  <testcase name="donTitleDisplayed" time="0.063" classname="testcases.MgmtPageTests"/>
  <testcase name="ericNameDisplayed" time="0.062" classname="testcases.MgmtPageTests"/>
  <testcase name="ericTitleDisplayed" time="0.061" classname="testcases.MgmtPageTests"/>
  <testcase name="jimNameDisplayed" time="0.066" classname="testcases.MgmtPageTests"/>
  <testcase name="jimTitleDisplayed" time="0.072" classname="testcases.MgmtPageTests"/>
  <testcase name="mikeBNameDisplayed" time="0.06" classname="testcases.MgmtPageTests"/>
  <testcase name="mikeBTitleDisplayed" time="0.062" classname="testcases.MgmtPageTests"/>
  <testcase name="mikeLNameDisplayed" time="0.059" classname="testcases.MgmtPageTests"/>
  <testcase name="mikeLTitleDisplayed" time="0.061" classname="testcases.MgmtPageTests"/>
  <testcase name="yukaNameDisplayed" time="0.078" classname="testcases.MgmtPageTests"/>
  <testcase name="yukaTitleDisplayed" time="0.063" classname="testcases.MgmtPageTests"/>
  <testcase name="solutions_tab_displayed" time="0.146" classname="testcases.SolutionsTabTests"/>
  <testcase name="testing_tab_displayed" time="0.083" classname="testcases.TestingTabTests"/>
  <testcase name="wte_tab_displayed" time="0.336" classname="testcases.WTETabTests"/>
  <testcase name="about_shasta_displayed" time="0.27" classname="testcases.AboutTabTests"/>
  <testcase name="SQA_displayed" time="0.334" classname="testcases.MediaTabTests"/>
  <testcase name="solutions_and_results_displayed" time="0.298" classname="testcases.SolutionsTabTests"/>
  <testcase name="full_name_required" time="5.28" classname="testcases.ContactPageTests"/>
  <testcase name="Knowledge_center_displayed" time="0.281" classname="testcases.KCCTabTests"/>
  <testcase name="software_testing_services_displayed" time="0.289" classname="testcases.TestingTabTests"/>
  <testcase name="what_to_expect_displayed" time="0.242" classname="testcases.WTETabTests"/>
  <testcase name="about_shasta_click" time="2.793" classname="testcases.AboutTabTests"/>
  <testcase name="SQA_click" time="2.284" classname="testcases.MediaTabTests"/>
  <testcase name="solutions_and_results_click" time="2.246" classname="testcases.SolutionsTabTests"/>
  <testcase name="company_required" time="1.656" classname="testcases.ContactPageTests"/>
  <testcase name="Knowledge_center_click" time="2.177" classname="testcases.KCCTabTests"/>
  <testcase name="software_testing_services_click" time="2.178" classname="testcases.TestingTabTests"/>
  <testcase name="what_to_expect_click" time="2.167" classname="testcases.WTETabTests"/>
  <testcase name="management_displayed" time="0.186" classname="testcases.AboutTabTests"/>
  <testcase name="SMC_displayed" time="0.192" classname="testcases.MediaTabTests"/>
  <testcase name="qa_team_rev_displayed" time="0.195" classname="testcases.SolutionsTabTests"/>
  <testcase name="email_required" time="1.457" classname="testcases.ContactPageTests"/>
  <testcase name="SQA_faqs_displayed" time="0.174" classname="testcases.KCCTabTests"/>
  <testcase name="web_application_testing_displayed" time="0.196" classname="testcases.TestingTabTests"/>
  <testcase name="needs_analysis_displayed" time="0.19" classname="testcases.WTETabTests"/>
  <testcase name="management_click" time="2.563" classname="testcases.AboutTabTests"/>
  <testcase name="SMC_click" time="5.182" classname="testcases.MediaTabTests"/>
  <testcase name="qa_team_rev_click" time="2.182" classname="testcases.SolutionsTabTests"/>
  <testcase name="phone_required" time="1.486" classname="testcases.ContactPageTests"/>
  <testcase name="SQA_faqs_click" time="2.367" classname="testcases.KCCTabTests"/>
  <testcase name="web_application_testing_click" time="2.213" classname="testcases.TestingTabTests"/>
  <testcase name="needs_analysis_click" time="2.159" classname="testcases.WTETabTests"/>
  <testcase name="employment_displayed" time="0.186" classname="testcases.AboutTabTests"/>
  <testcase name="Press_room_displayed" time="0.18" classname="testcases.MediaTabTests"/>
  <testcase name="qa_infusion_displayed" time="0.268" classname="testcases.SolutionsTabTests"/>
  <testcase name="captcha_required" time="1.57" classname="testcases.ContactPageTests"/>
  <testcase name="Contact_displayed" time="0.067" classname="testcases.KCCTabTests"/>
  <testcase name="mobile_testing_displayed" time="0.196" classname="testcases.TestingTabTests"/>
  <testcase name="project_planning_displayed" time="0.245" classname="testcases.WTETabTests"/>
  <testcase name="employment_click" time="2.217" classname="testcases.AboutTabTests"/>
  <testcase name="Contact_click" time="2.18" classname="testcases.KCCTabTests"/>
  <testcase name="Press_room_click" time="2.204" classname="testcases.MediaTabTests"/>
  <testcase name="qa_infusion_click" time="2.289" classname="testcases.SolutionsTabTests"/>
  <testcase name="mobile_testing_click" time="2.197" classname="testcases.TestingTabTests"/>
  <testcase name="project_planning_click" time="2.212" classname="testcases.WTETabTests"/>
  <testcase name="iv_v_displayed" time="0.167" classname="testcases.SolutionsTabTests"/>
  <testcase name="automation_testing_displayed" time="0.179" classname="testcases.TestingTabTests"/>
  <testcase name="project_execution_displayed" time="0.183" classname="testcases.WTETabTests"/>
  <testcase name="iv_v_click" time="2.137" classname="testcases.SolutionsTabTests"/>
  <testcase name="automation_testing_click" time="2.152" classname="testcases.TestingTabTests"/>
  <testcase name="project_execution_click" time="2.151" classname="testcases.WTETabTests"/>
  <testcase name="idd_displayed" time="0.156" classname="testcases.SolutionsTabTests"/>
  <testcase name="test_management_displayed" time="0.167" classname="testcases.TestingTabTests"/>
  <testcase name="project_mastery_displayed" time="0.171" classname="testcases.WTETabTests"/>
  <testcase name="idd_click" time="2.142" classname="testcases.SolutionsTabTests"/>
  <testcase name="test_management_click" time="2.136" classname="testcases.TestingTabTests"/>
  <testcase name="project_mastery_click" time="4.899" classname="testcases.WTETabTests"/>
  <testcase name="IV_V_displayed" time="0.183" classname="testcases.TestingTabTests"/>
  <testcase name="IV_V_click" time="2.138" classname="testcases.TestingTabTests"/>
</testsuite> <!-- Smoke Testcases -->
