<?xml version="1.0" encoding="UTF-8"?>
<!-- Generated by org.testng.reporters.JUnitXMLReporter -->
<testsuite hostname="tims-mac-mini.corp.shastaqa.com" ignored="0" name="Smoke Testcases" tests="13" failures="0" timestamp="03 Feb 2017 23:22:29 GMT" time="27.15" errors="0">
  <testcase name="about_tab_displayed" time="0.143" classname="testcases.AboutTabTests"/>
  <testcase name="launch_site" time="0.086" classname="testcases.LaunchWebsiteTest"/>
  <testcase name="testing_tab_displayed" time="0.088" classname="testcases.TestingTabTests"/>
  <testcase name="about_shasta_displayed" time="0.242" classname="testcases.AboutTabTests"/>
  <testcase name="software_testing_services_displayed" time="0.249" classname="testcases.TestingTabTests"/>
  <testcase name="about_shasta_click" time="1.448" classname="testcases.AboutTabTests"/>
  <testcase name="software_testing_services_click" time="1.382" classname="testcases.TestingTabTests"/>
  <testcase name="management_displayed" time="0.257" classname="testcases.AboutTabTests"/>
  <testcase name="web_application_testing_displayed" time="0.207" classname="testcases.TestingTabTests"/>
  <testcase name="management_click" time="1.275" classname="testcases.AboutTabTests"/>
  <testcase name="web_application_testing_click" time="1.171" classname="testcases.TestingTabTests"/>
  <testcase name="employment_displayed" time="0.172" classname="testcases.AboutTabTests"/>
  <testcase name="employment_click" time="1.217" classname="testcases.AboutTabTests"/>
</testsuite> <!-- Smoke Testcases -->
