<?xml version="1.0" encoding="UTF-8"?>
<testng-results skipped="0" failed="0" ignored="0" total="13" passed="13">
  <reporter-output>
  </reporter-output>
  <suite name="Time test Suite" duration-ms="27150" started-at="2017-02-03T23:22:02Z" finished-at="2017-02-03T23:22:29Z">
    <groups>
    </groups>
    <test name="Smoke Testcases" duration-ms="27150" started-at="2017-02-03T23:22:02Z" finished-at="2017-02-03T23:22:29Z">
      <class name="testcases.LaunchWebsiteTest">
        <test-method status="PASS" signature="driver()[pri:0, instance:testcases.LaunchWebsiteTest@4520ebad]" name="driver" is-config="true" duration-ms="5788" started-at="2017-02-03T15:22:09Z" finished-at="2017-02-03T15:22:14Z">
          <reporter-output>
          </reporter-output>
        </test-method> <!-- driver -->
        <test-method status="PASS" signature="launch_site()[pri:0, instance:testcases.LaunchWebsiteTest@4520ebad]" name="launch_site" duration-ms="86" started-at="2017-02-03T15:22:14Z" finished-at="2017-02-03T15:22:14Z">
          <reporter-output>
          </reporter-output>
        </test-method> <!-- launch_site -->
        <test-method status="PASS" signature="endSession()[pri:0, instance:testcases.LaunchWebsiteTest@4520ebad]" name="endSession" is-config="true" duration-ms="686" started-at="2017-02-03T15:22:14Z" finished-at="2017-02-03T15:22:15Z">
          <reporter-output>
          </reporter-output>
        </test-method> <!-- endSession -->
      </class> <!-- testcases.LaunchWebsiteTest -->
      <class name="testcases.TestingTabTests">
        <test-method status="PASS" signature="driver()[pri:0, instance:testcases.TestingTabTests@5419f379]" name="driver" is-config="true" duration-ms="4798" started-at="2017-02-03T15:22:15Z" finished-at="2017-02-03T15:22:20Z">
          <reporter-output>
          </reporter-output>
        </test-method> <!-- driver -->
        <test-method status="PASS" signature="testing_tab_displayed()[pri:0, instance:testcases.TestingTabTests@5419f379]" name="testing_tab_displayed" duration-ms="88" started-at="2017-02-03T15:22:20Z" finished-at="2017-02-03T15:22:20Z">
          <reporter-output>
          </reporter-output>
        </test-method> <!-- testing_tab_displayed -->
        <test-method status="PASS" signature="software_testing_services_displayed()[pri:1, instance:testcases.TestingTabTests@5419f379]" name="software_testing_services_displayed" duration-ms="249" started-at="2017-02-03T15:22:20Z" finished-at="2017-02-03T15:22:21Z">
          <reporter-output>
          </reporter-output>
        </test-method> <!-- software_testing_services_displayed -->
        <test-method status="PASS" signature="software_testing_services_click()[pri:2, instance:testcases.TestingTabTests@5419f379]" name="software_testing_services_click" duration-ms="1382" started-at="2017-02-03T15:22:22Z" finished-at="2017-02-03T15:22:23Z">
          <reporter-output>
          </reporter-output>
        </test-method> <!-- software_testing_services_click -->
        <test-method status="PASS" signature="web_application_testing_displayed()[pri:3, instance:testcases.TestingTabTests@5419f379]" name="web_application_testing_displayed" duration-ms="207" started-at="2017-02-03T15:22:24Z" finished-at="2017-02-03T15:22:24Z">
          <reporter-output>
          </reporter-output>
        </test-method> <!-- web_application_testing_displayed -->
        <test-method status="PASS" signature="web_application_testing_click()[pri:4, instance:testcases.TestingTabTests@5419f379]" name="web_application_testing_click" duration-ms="1171" started-at="2017-02-03T15:22:25Z" finished-at="2017-02-03T15:22:26Z">
          <reporter-output>
          </reporter-output>
        </test-method> <!-- web_application_testing_click -->
        <test-method status="PASS" signature="endSession()[pri:0, instance:testcases.TestingTabTests@5419f379]" name="endSession" is-config="true" duration-ms="993" started-at="2017-02-03T15:22:26Z" finished-at="2017-02-03T15:22:27Z">
          <reporter-output>
          </reporter-output>
        </test-method> <!-- endSession -->
      </class> <!-- testcases.TestingTabTests -->
      <class name="testcases.AboutTabTests">
        <test-method status="PASS" signature="driver()[pri:0, instance:testcases.AboutTabTests@58651fd0]" name="driver" is-config="true" duration-ms="6663" started-at="2017-02-03T15:22:02Z" finished-at="2017-02-03T15:22:08Z">
          <reporter-output>
          </reporter-output>
        </test-method> <!-- driver -->
        <test-method status="PASS" signature="about_tab_displayed()[pri:0, instance:testcases.AboutTabTests@58651fd0]" name="about_tab_displayed" duration-ms="143" started-at="2017-02-03T15:22:08Z" finished-at="2017-02-03T15:22:09Z">
          <reporter-output>
          </reporter-output>
        </test-method> <!-- about_tab_displayed -->
        <test-method status="PASS" signature="about_shasta_displayed()[pri:1, instance:testcases.AboutTabTests@58651fd0]" name="about_shasta_displayed" duration-ms="242" started-at="2017-02-03T15:22:20Z" finished-at="2017-02-03T15:22:20Z">
          <reporter-output>
          </reporter-output>
        </test-method> <!-- about_shasta_displayed -->
        <test-method status="PASS" signature="about_shasta_click()[pri:2, instance:testcases.AboutTabTests@58651fd0]" name="about_shasta_click" duration-ms="1448" started-at="2017-02-03T15:22:21Z" finished-at="2017-02-03T15:22:22Z">
          <reporter-output>
          </reporter-output>
        </test-method> <!-- about_shasta_click -->
        <test-method status="PASS" signature="management_displayed()[pri:3, instance:testcases.AboutTabTests@58651fd0]" name="management_displayed" duration-ms="257" started-at="2017-02-03T15:22:23Z" finished-at="2017-02-03T15:22:24Z">
          <reporter-output>
          </reporter-output>
        </test-method> <!-- management_displayed -->
        <test-method status="PASS" signature="management_click()[pri:4, instance:testcases.AboutTabTests@58651fd0]" name="management_click" duration-ms="1275" started-at="2017-02-03T15:22:24Z" finished-at="2017-02-03T15:22:25Z">
          <reporter-output>
          </reporter-output>
        </test-method> <!-- management_click -->
        <test-method status="PASS" signature="employment_displayed()[pri:5, instance:testcases.AboutTabTests@58651fd0]" name="employment_displayed" duration-ms="172" started-at="2017-02-03T15:22:27Z" finished-at="2017-02-03T15:22:27Z">
          <reporter-output>
          </reporter-output>
        </test-method> <!-- employment_displayed -->
        <test-method status="PASS" signature="employment_click()[pri:6, instance:testcases.AboutTabTests@58651fd0]" name="employment_click" duration-ms="1217" started-at="2017-02-03T15:22:27Z" finished-at="2017-02-03T15:22:29Z">
          <reporter-output>
          </reporter-output>
        </test-method> <!-- employment_click -->
        <test-method status="PASS" signature="endSession()[pri:0, instance:testcases.AboutTabTests@58651fd0]" name="endSession" is-config="true" duration-ms="223" started-at="2017-02-03T15:22:29Z" finished-at="2017-02-03T15:22:29Z">
          <reporter-output>
          </reporter-output>
        </test-method> <!-- endSession -->
      </class> <!-- testcases.AboutTabTests -->
    </test> <!-- Smoke Testcases -->
  </suite> <!-- Time test Suite -->
</testng-results>
